2016/03/06 11:10:10 [error] [exception.CException] exception 'CException' with message 'Property "Jury.image_src" is not defined.' in D:\OpenServer\domains\www.work-8womenfest.ru\www\framework\base\CComponent.php:130
Stack trace:
#0 D:\OpenServer\domains\www.work-8womenfest.ru\www\framework\db\ar\CActiveRecord.php(145): CComponent->__get('image_src')
#1 D:\OpenServer\domains\www.work-8womenfest.ru\www\protected\modules\wm_admin\controllers\JuryController.php(40): CActiveRecord->__get('image_src')
#2 [internal function]: JuryController->actionIndex(false)
#3 D:\OpenServer\domains\www.work-8womenfest.ru\www\framework\web\actions\CAction.php(109): ReflectionMethod->invokeArgs(Object(JuryController), Array)
#4 D:\OpenServer\domains\www.work-8womenfest.ru\www\framework\web\actions\CInlineAction.php(47): CAction->runWithParamsInternal(Object(JuryController), Object(ReflectionMethod), Array)
#5 D:\OpenServer\domains\www.work-8womenfest.ru\www\framework\web\CController.php(308): CInlineAction->runWithParams(Array)
#6 D:\OpenServer\domains\www.work-8womenfest.ru\www\framework\web\CController.php(286): CController->runAction(Object(CInlineAction))
#7 D:\OpenServer\domains\www.work-8womenfest.ru\www\framework\web\CController.php(265): CController->runActionWithFilters(Object(CInlineAction), Array)
#8 D:\OpenServer\domains\www.work-8womenfest.ru\www\framework\web\CWebApplication.php(282): CController->run('')
#9 D:\OpenServer\domains\www.work-8womenfest.ru\www\framework\web\CWebApplication.php(141): CWebApplication->runController('wm_admin/jury')
#10 D:\OpenServer\domains\www.work-8womenfest.ru\www\framework\base\CApplication.php(184): CWebApplication->processRequest()
#11 D:\OpenServer\domains\www.work-8womenfest.ru\www\index.php(11): CApplication->run()
#12 {main}
REQUEST_URI=/wm_admin/jury
HTTP_REFERER=http://www.work-8womenfest.ru/wm_admin/jury/edit
---
2016/03/06 11:31:34 [warning] [application] Failed to set unsafe attribute "id" of "News".
2016/03/06 11:32:01 [warning] [application] Failed to set unsafe attribute "id" of "Jury".
2016/03/06 11:35:11 [warning] [application] Failed to set unsafe attribute "id" of "Jury".
2016/03/06 11:49:02 [warning] [application] Failed to set unsafe attribute "link" of "News".
2016/03/06 11:49:41 [warning] [application] Failed to set unsafe attribute "name" of "Press".
2016/03/06 11:52:06 [warning] [application] Failed to set unsafe attribute "id" of "Press".
2016/03/06 11:52:23 [warning] [application] Failed to set unsafe attribute "id" of "Press".
2016/03/06 12:17:42 [warning] [application] Failed to set unsafe attribute "id" of "Program".
2016/03/06 13:00:05 [error] [exception.CHttpException.404] exception 'CHttpException' with message 'Unable to resolve the request "wm_admin/film".' in D:\OpenServer\domains\www.work-8womenfest.ru\www\framework\web\CWebApplication.php:286
Stack trace:
#0 D:\OpenServer\domains\www.work-8womenfest.ru\www\framework\web\CWebApplication.php(141): CWebApplication->runController('wm_admin/film')
#1 D:\OpenServer\domains\www.work-8womenfest.ru\www\framework\base\CApplication.php(184): CWebApplication->processRequest()
#2 D:\OpenServer\domains\www.work-8womenfest.ru\www\index.php(11): CApplication->run()
#3 {main}
REQUEST_URI=/wm_admin/film
HTTP_REFERER=http://www.work-8womenfest.ru/wm_admin/program
---
2016/03/06 13:26:39 [error] [system.db.CDbCommand] CDbCommand::execute() failed: SQLSTATE[23000]: Integrity constraint violation: 1452 Cannot add or update a child row: a foreign key constraint fails (`8women`.`news_image`, CONSTRAINT `fk_news_image_news` FOREIGN KEY (`news_id`) REFERENCES `news` (`id`) ON DELETE NO ACTION ON UPDATE NO ACTION). The SQL statement executed was: INSERT INTO `news_image` (`news_id`, `src`) VALUES (:yp0, :yp1).
2016/03/06 13:26:39 [error] [exception.CDbException] exception 'CDbException' with message 'CDbCommand failed to execute the SQL statement: SQLSTATE[23000]: Integrity constraint violation: 1452 Cannot add or update a child row: a foreign key constraint fails (`8women`.`news_image`, CONSTRAINT `fk_news_image_news` FOREIGN KEY (`news_id`) REFERENCES `news` (`id`) ON DELETE NO ACTION ON UPDATE NO ACTION). The SQL statement executed was: INSERT INTO `news_image` (`news_id`, `src`) VALUES (:yp0, :yp1)' in D:\OpenServer\domains\www.work-8womenfest.ru\www\framework\db\CDbCommand.php:358
Stack trace:
#0 D:\OpenServer\domains\www.work-8womenfest.ru\www\framework\db\ar\CActiveRecord.php(1080): CDbCommand->execute()
#1 D:\OpenServer\domains\www.work-8womenfest.ru\www\framework\db\ar\CActiveRecord.php(809): CActiveRecord->insert(NULL)
#2 D:\OpenServer\domains\www.work-8womenfest.ru\www\protected\modules\wm_admin\controllers\FilmController.php(59): CActiveRecord->save()
#3 [internal function]: FilmController->actionIndex(false)
#4 D:\OpenServer\domains\www.work-8womenfest.ru\www\framework\web\actions\CAction.php(109): ReflectionMethod->invokeArgs(Object(FilmController), Array)
#5 D:\OpenServer\domains\www.work-8womenfest.ru\www\framework\web\actions\CInlineAction.php(47): CAction->runWithParamsInternal(Object(FilmController), Object(ReflectionMethod), Array)
#6 D:\OpenServer\domains\www.work-8womenfest.ru\www\framework\web\CController.php(308): CInlineAction->runWithParams(Array)
#7 D:\OpenServer\domains\www.work-8womenfest.ru\www\framework\web\CController.php(286): CController->runAction(Object(CInlineAction))
#8 D:\OpenServer\domains\www.work-8womenfest.ru\www\framework\web\CController.php(265): CController->runActionWithFilters(Object(CInlineAction), Array)
#9 D:\OpenServer\domains\www.work-8womenfest.ru\www\framework\web\CWebApplication.php(282): CController->run('')
#10 D:\OpenServer\domains\www.work-8womenfest.ru\www\framework\web\CWebApplication.php(141): CWebApplication->runController('wm_admin/film')
#11 D:\OpenServer\domains\www.work-8womenfest.ru\www\framework\base\CApplication.php(184): CWebApplication->processRequest()
#12 D:\OpenServer\domains\www.work-8womenfest.ru\www\index.php(11): CApplication->run()
#13 {main}
REQUEST_URI=/wm_admin/film
HTTP_REFERER=http://www.work-8womenfest.ru/wm_admin/film/edit
---
2016/03/06 13:27:48 [error] [exception.CException] exception 'CException' with message 'Property "Film.date" is not defined.' in D:\OpenServer\domains\www.work-8womenfest.ru\www\framework\base\CComponent.php:130
Stack trace:
#0 D:\OpenServer\domains\www.work-8womenfest.ru\www\framework\db\ar\CActiveRecord.php(145): CComponent->__get('date')
#1 D:\OpenServer\domains\www.work-8womenfest.ru\www\protected\modules\wm_admin\views\film\index.php(101): CActiveRecord->__get('date')
#2 D:\OpenServer\domains\www.work-8womenfest.ru\www\framework\web\CBaseController.php(126): require('D:\\OpenServer\\d...')
#3 D:\OpenServer\domains\www.work-8womenfest.ru\www\framework\web\CBaseController.php(95): CBaseController->renderInternal('D:\\OpenServer\\d...', NULL, true)
#4 D:\OpenServer\domains\www.work-8womenfest.ru\www\framework\web\CController.php(869): CBaseController->renderFile('D:\\OpenServer\\d...', NULL, true)
#5 D:\OpenServer\domains\www.work-8womenfest.ru\www\framework\web\CController.php(782): CController->renderPartial('index', NULL, true)
#6 D:\OpenServer\domains\www.work-8womenfest.ru\www\protected\modules\wm_admin\controllers\FilmController.php(112): CController->render('index')
#7 [internal function]: FilmController->actionIndex(false)
#8 D:\OpenServer\domains\www.work-8womenfest.ru\www\framework\web\actions\CAction.php(109): ReflectionMethod->invokeArgs(Object(FilmController), Array)
#9 D:\OpenServer\domains\www.work-8womenfest.ru\www\framework\web\actions\CInlineAction.php(47): CAction->runWithParamsInternal(Object(FilmController), Object(ReflectionMethod), Array)
#10 D:\OpenServer\domains\www.work-8womenfest.ru\www\framework\web\CController.php(308): CInlineAction->runWithParams(Array)
#11 D:\OpenServer\domains\www.work-8womenfest.ru\www\framework\web\CController.php(286): CController->runAction(Object(CInlineAction))
#12 D:\OpenServer\domains\www.work-8womenfest.ru\www\framework\web\CController.php(265): CController->runActionWithFilters(Object(CInlineAction), Array)
#13 D:\OpenServer\domains\www.work-8womenfest.ru\www\framework\web\CWebApplication.php(282): CController->run('')
#14 D:\OpenServer\domains\www.work-8womenfest.ru\www\framework\web\CWebApplication.php(141): CWebApplication->runController('wm_admin/film')
#15 D:\OpenServer\domains\www.work-8womenfest.ru\www\framework\base\CApplication.php(184): CWebApplication->processRequest()
#16 D:\OpenServer\domains\www.work-8womenfest.ru\www\index.php(11): CApplication->run()
#17 {main}
REQUEST_URI=/wm_admin/film
---
2016/03/06 13:29:30 [error] [exception.CException] exception 'CException' with message 'Property "Film.date" is not defined.' in D:\OpenServer\domains\www.work-8womenfest.ru\www\framework\base\CComponent.php:130
Stack trace:
#0 D:\OpenServer\domains\www.work-8womenfest.ru\www\framework\db\ar\CActiveRecord.php(145): CComponent->__get('date')
#1 D:\OpenServer\domains\www.work-8womenfest.ru\www\protected\modules\wm_admin\views\film\index.php(101): CActiveRecord->__get('date')
#2 D:\OpenServer\domains\www.work-8womenfest.ru\www\framework\web\CBaseController.php(126): require('D:\\OpenServer\\d...')
#3 D:\OpenServer\domains\www.work-8womenfest.ru\www\framework\web\CBaseController.php(95): CBaseController->renderInternal('D:\\OpenServer\\d...', NULL, true)
#4 D:\OpenServer\domains\www.work-8womenfest.ru\www\framework\web\CController.php(869): CBaseController->renderFile('D:\\OpenServer\\d...', NULL, true)
#5 D:\OpenServer\domains\www.work-8womenfest.ru\www\framework\web\CController.php(782): CController->renderPartial('index', NULL, true)
#6 D:\OpenServer\domains\www.work-8womenfest.ru\www\protected\modules\wm_admin\controllers\FilmController.php(112): CController->render('index')
#7 [internal function]: FilmController->actionIndex(false)
#8 D:\OpenServer\domains\www.work-8womenfest.ru\www\framework\web\actions\CAction.php(109): ReflectionMethod->invokeArgs(Object(FilmController), Array)
#9 D:\OpenServer\domains\www.work-8womenfest.ru\www\framework\web\actions\CInlineAction.php(47): CAction->runWithParamsInternal(Object(FilmController), Object(ReflectionMethod), Array)
#10 D:\OpenServer\domains\www.work-8womenfest.ru\www\framework\web\CController.php(308): CInlineAction->runWithParams(Array)
#11 D:\OpenServer\domains\www.work-8womenfest.ru\www\framework\web\CController.php(286): CController->runAction(Object(CInlineAction))
#12 D:\OpenServer\domains\www.work-8womenfest.ru\www\framework\web\CController.php(265): CController->runActionWithFilters(Object(CInlineAction), Array)
#13 D:\OpenServer\domains\www.work-8womenfest.ru\www\framework\web\CWebApplication.php(282): CController->run('')
#14 D:\OpenServer\domains\www.work-8womenfest.ru\www\framework\web\CWebApplication.php(141): CWebApplication->runController('wm_admin/film')
#15 D:\OpenServer\domains\www.work-8womenfest.ru\www\framework\base\CApplication.php(184): CWebApplication->processRequest()
#16 D:\OpenServer\domains\www.work-8womenfest.ru\www\index.php(11): CApplication->run()
#17 {main}
REQUEST_URI=/wm_admin/film
---
2016/03/06 13:29:32 [error] [exception.CException] exception 'CException' with message 'Property "Film.date" is not defined.' in D:\OpenServer\domains\www.work-8womenfest.ru\www\framework\base\CComponent.php:130
Stack trace:
#0 D:\OpenServer\domains\www.work-8womenfest.ru\www\framework\db\ar\CActiveRecord.php(145): CComponent->__get('date')
#1 D:\OpenServer\domains\www.work-8womenfest.ru\www\protected\modules\wm_admin\views\film\index.php(101): CActiveRecord->__get('date')
#2 D:\OpenServer\domains\www.work-8womenfest.ru\www\framework\web\CBaseController.php(126): require('D:\\OpenServer\\d...')
#3 D:\OpenServer\domains\www.work-8womenfest.ru\www\framework\web\CBaseController.php(95): CBaseController->renderInternal('D:\\OpenServer\\d...', NULL, true)
#4 D:\OpenServer\domains\www.work-8womenfest.ru\www\framework\web\CController.php(869): CBaseController->renderFile('D:\\OpenServer\\d...', NULL, true)
#5 D:\OpenServer\domains\www.work-8womenfest.ru\www\framework\web\CController.php(782): CController->renderPartial('index', NULL, true)
#6 D:\OpenServer\domains\www.work-8womenfest.ru\www\protected\modules\wm_admin\controllers\FilmController.php(112): CController->render('index')
#7 [internal function]: FilmController->actionIndex(false)
#8 D:\OpenServer\domains\www.work-8womenfest.ru\www\framework\web\actions\CAction.php(109): ReflectionMethod->invokeArgs(Object(FilmController), Array)
#9 D:\OpenServer\domains\www.work-8womenfest.ru\www\framework\web\actions\CInlineAction.php(47): CAction->runWithParamsInternal(Object(FilmController), Object(ReflectionMethod), Array)
#10 D:\OpenServer\domains\www.work-8womenfest.ru\www\framework\web\CController.php(308): CInlineAction->runWithParams(Array)
#11 D:\OpenServer\domains\www.work-8womenfest.ru\www\framework\web\CController.php(286): CController->runAction(Object(CInlineAction))
#12 D:\OpenServer\domains\www.work-8womenfest.ru\www\framework\web\CController.php(265): CController->runActionWithFilters(Object(CInlineAction), Array)
#13 D:\OpenServer\domains\www.work-8womenfest.ru\www\framework\web\CWebApplication.php(282): CController->run('')
#14 D:\OpenServer\domains\www.work-8womenfest.ru\www\framework\web\CWebApplication.php(141): CWebApplication->runController('wm_admin/film')
#15 D:\OpenServer\domains\www.work-8womenfest.ru\www\framework\base\CApplication.php(184): CWebApplication->processRequest()
#16 D:\OpenServer\domains\www.work-8womenfest.ru\www\index.php(11): CApplication->run()
#17 {main}
REQUEST_URI=/wm_admin/film
---
2016/03/06 13:31:15 [error] [exception.CException] exception 'CException' with message 'Property "FilmImage.news_id" is not defined.' in D:\OpenServer\domains\www.work-8womenfest.ru\www\framework\base\CComponent.php:173
Stack trace:
#0 D:\OpenServer\domains\www.work-8womenfest.ru\www\framework\db\ar\CActiveRecord.php(161): CComponent->__set('news_id', '2')
#1 D:\OpenServer\domains\www.work-8womenfest.ru\www\protected\modules\wm_admin\controllers\FilmController.php(67): CActiveRecord->__set('news_id', '2')
#2 [internal function]: FilmController->actionIndex(false)
#3 D:\OpenServer\domains\www.work-8womenfest.ru\www\framework\web\actions\CAction.php(109): ReflectionMethod->invokeArgs(Object(FilmController), Array)
#4 D:\OpenServer\domains\www.work-8womenfest.ru\www\framework\web\actions\CInlineAction.php(47): CAction->runWithParamsInternal(Object(FilmController), Object(ReflectionMethod), Array)
#5 D:\OpenServer\domains\www.work-8womenfest.ru\www\framework\web\CController.php(308): CInlineAction->runWithParams(Array)
#6 D:\OpenServer\domains\www.work-8womenfest.ru\www\framework\web\CController.php(286): CController->runAction(Object(CInlineAction))
#7 D:\OpenServer\domains\www.work-8womenfest.ru\www\framework\web\CController.php(265): CController->runActionWithFilters(Object(CInlineAction), Array)
#8 D:\OpenServer\domains\www.work-8womenfest.ru\www\framework\web\CWebApplication.php(282): CController->run('')
#9 D:\OpenServer\domains\www.work-8womenfest.ru\www\framework\web\CWebApplication.php(141): CWebApplication->runController('wm_admin/film')
#10 D:\OpenServer\domains\www.work-8womenfest.ru\www\framework\base\CApplication.php(184): CWebApplication->processRequest()
#11 D:\OpenServer\domains\www.work-8womenfest.ru\www\index.php(11): CApplication->run()
#12 {main}
REQUEST_URI=/wm_admin/film
HTTP_REFERER=http://www.work-8womenfest.ru/wm_admin/film/edit
---
2016/03/06 13:33:25 [error] [exception.CException] exception 'CException' with message 'Property "Film.newsImages" is not defined.' in D:\OpenServer\domains\www.work-8womenfest.ru\www\framework\base\CComponent.php:130
Stack trace:
#0 D:\OpenServer\domains\www.work-8womenfest.ru\www\framework\db\ar\CActiveRecord.php(145): CComponent->__get('newsImages')
#1 D:\OpenServer\domains\www.work-8womenfest.ru\www\protected\modules\wm_admin\controllers\FilmController.php(20): CActiveRecord->__get('newsImages')
#2 [internal function]: FilmController->actionIndex(false)
#3 D:\OpenServer\domains\www.work-8womenfest.ru\www\framework\web\actions\CAction.php(109): ReflectionMethod->invokeArgs(Object(FilmController), Array)
#4 D:\OpenServer\domains\www.work-8womenfest.ru\www\framework\web\actions\CInlineAction.php(47): CAction->runWithParamsInternal(Object(FilmController), Object(ReflectionMethod), Array)
#5 D:\OpenServer\domains\www.work-8womenfest.ru\www\framework\web\CController.php(308): CInlineAction->runWithParams(Array)
#6 D:\OpenServer\domains\www.work-8womenfest.ru\www\framework\web\CController.php(286): CController->runAction(Object(CInlineAction))
#7 D:\OpenServer\domains\www.work-8womenfest.ru\www\framework\web\CController.php(265): CController->runActionWithFilters(Object(CInlineAction), Array)
#8 D:\OpenServer\domains\www.work-8womenfest.ru\www\framework\web\CWebApplication.php(282): CController->run('')
#9 D:\OpenServer\domains\www.work-8womenfest.ru\www\framework\web\CWebApplication.php(141): CWebApplication->runController('wm_admin/film')
#10 D:\OpenServer\domains\www.work-8womenfest.ru\www\framework\base\CApplication.php(184): CWebApplication->processRequest()
#11 D:\OpenServer\domains\www.work-8womenfest.ru\www\index.php(11): CApplication->run()
#12 {main}
REQUEST_URI=/wm_admin/film
HTTP_REFERER=http://www.work-8womenfest.ru/wm_admin/film
---
2016/03/06 13:33:33 [error] [exception.CException] exception 'CException' with message 'Property "Film.newsImages" is not defined.' in D:\OpenServer\domains\www.work-8womenfest.ru\www\framework\base\CComponent.php:130
Stack trace:
#0 D:\OpenServer\domains\www.work-8womenfest.ru\www\framework\db\ar\CActiveRecord.php(145): CComponent->__get('newsImages')
#1 D:\OpenServer\domains\www.work-8womenfest.ru\www\protected\modules\wm_admin\controllers\FilmController.php(20): CActiveRecord->__get('newsImages')
#2 [internal function]: FilmController->actionIndex(false)
#3 D:\OpenServer\domains\www.work-8womenfest.ru\www\framework\web\actions\CAction.php(109): ReflectionMethod->invokeArgs(Object(FilmController), Array)
#4 D:\OpenServer\domains\www.work-8womenfest.ru\www\framework\web\actions\CInlineAction.php(47): CAction->runWithParamsInternal(Object(FilmController), Object(ReflectionMethod), Array)
#5 D:\OpenServer\domains\www.work-8womenfest.ru\www\framework\web\CController.php(308): CInlineAction->runWithParams(Array)
#6 D:\OpenServer\domains\www.work-8womenfest.ru\www\framework\web\CController.php(286): CController->runAction(Object(CInlineAction))
#7 D:\OpenServer\domains\www.work-8womenfest.ru\www\framework\web\CController.php(265): CController->runActionWithFilters(Object(CInlineAction), Array)
#8 D:\OpenServer\domains\www.work-8womenfest.ru\www\framework\web\CWebApplication.php(282): CController->run('')
#9 D:\OpenServer\domains\www.work-8womenfest.ru\www\framework\web\CWebApplication.php(141): CWebApplication->runController('wm_admin/film')
#10 D:\OpenServer\domains\www.work-8womenfest.ru\www\framework\base\CApplication.php(184): CWebApplication->processRequest()
#11 D:\OpenServer\domains\www.work-8womenfest.ru\www\index.php(11): CApplication->run()
#12 {main}
REQUEST_URI=/wm_admin/film
HTTP_REFERER=http://www.work-8womenfest.ru/wm_admin/film
---
2016/03/06 13:36:46 [error] [exception.CException] exception 'CException' with message 'Property "Film.newsImages" is not defined.' in D:\OpenServer\domains\www.work-8womenfest.ru\www\framework\base\CComponent.php:130
Stack trace:
#0 D:\OpenServer\domains\www.work-8womenfest.ru\www\framework\db\ar\CActiveRecord.php(145): CComponent->__get('newsImages')
#1 D:\OpenServer\domains\www.work-8womenfest.ru\www\protected\modules\wm_admin\views\film\_form.php(192): CActiveRecord->__get('newsImages')
#2 D:\OpenServer\domains\www.work-8womenfest.ru\www\framework\web\CBaseController.php(126): require('D:\\OpenServer\\d...')
#3 D:\OpenServer\domains\www.work-8womenfest.ru\www\framework\web\CBaseController.php(95): CBaseController->renderInternal('D:\\OpenServer\\d...', Array, true)
#4 D:\OpenServer\domains\www.work-8womenfest.ru\www\framework\web\CController.php(869): CBaseController->renderFile('D:\\OpenServer\\d...', Array, true)
#5 D:\OpenServer\domains\www.work-8womenfest.ru\www\framework\web\CController.php(782): CController->renderPartial('_form', Array, true)
#6 D:\OpenServer\domains\www.work-8womenfest.ru\www\protected\modules\wm_admin\controllers\FilmController.php(122): CController->render('_form', Array)
#7 [internal function]: FilmController->actionEdit('3')
#8 D:\OpenServer\domains\www.work-8womenfest.ru\www\framework\web\actions\CAction.php(109): ReflectionMethod->invokeArgs(Object(FilmController), Array)
#9 D:\OpenServer\domains\www.work-8womenfest.ru\www\framework\web\actions\CInlineAction.php(47): CAction->runWithParamsInternal(Object(FilmController), Object(ReflectionMethod), Array)
#10 D:\OpenServer\domains\www.work-8womenfest.ru\www\framework\web\CController.php(308): CInlineAction->runWithParams(Array)
#11 D:\OpenServer\domains\www.work-8womenfest.ru\www\framework\web\CController.php(286): CController->runAction(Object(CInlineAction))
#12 D:\OpenServer\domains\www.work-8womenfest.ru\www\framework\web\CController.php(265): CController->runActionWithFilters(Object(CInlineAction), Array)
#13 D:\OpenServer\domains\www.work-8womenfest.ru\www\framework\web\CWebApplication.php(282): CController->run('edit')
#14 D:\OpenServer\domains\www.work-8womenfest.ru\www\framework\web\CWebApplication.php(141): CWebApplication->runController('wm_admin/film/e...')
#15 D:\OpenServer\domains\www.work-8womenfest.ru\www\framework\base\CApplication.php(184): CWebApplication->processRequest()
#16 D:\OpenServer\domains\www.work-8womenfest.ru\www\index.php(11): CApplication->run()
#17 {main}
REQUEST_URI=/wm_admin/film/edit/3
HTTP_REFERER=http://www.work-8womenfest.ru/wm_admin/film
---
2016/03/06 13:40:09 [warning] [application] Failed to set unsafe attribute "id" of "Film".
2016/03/06 13:42:01 [error] [exception.CHttpException.404] exception 'CHttpException' with message 'Unable to resolve the request "upload/Film/3/cdaea5cf0a6ebb990f427e92909a037a-201603061340".' in D:\OpenServer\domains\www.work-8womenfest.ru\www\framework\web\CWebApplication.php:286
Stack trace:
#0 D:\OpenServer\domains\www.work-8womenfest.ru\www\framework\web\CWebApplication.php(141): CWebApplication->runController('upload/Film/3/c...')
#1 D:\OpenServer\domains\www.work-8womenfest.ru\www\framework\base\CApplication.php(184): CWebApplication->processRequest()
#2 D:\OpenServer\domains\www.work-8womenfest.ru\www\index.php(11): CApplication->run()
#3 {main}
REQUEST_URI=/upload/Film/3/cdaea5cf0a6ebb990f427e92909a037a-201603061340
HTTP_REFERER=http://www.work-8womenfest.ru/wm_admin/film/edit/3
---
2016/03/06 13:46:30 [warning] [application] Failed to set unsafe attribute "id" of "Film".
